# JRE version: Java(TM) SE Runtime Environment (8.0_73-b02) (build 1.8.0_73-b02)
# Java VM: Java HotSpot(TM) 64-Bit Server VM (25.73-b02 mixed mode bsd-amd64 compressed oops)
Heap:
 PSYoungGen      total 132096K, used 98903K [0x000000076ab00000, 0x0000000774000000, 0x00000007c0000000)
  eden space 121344K, 72% used [0x000000076ab00000,0x0000000770116a28,0x0000000772180000)
  from space 10752K, 99% used [0x0000000773580000,0x0000000773fff4f8,0x0000000774000000)
  to   space 10752K, 0% used [0x0000000772b00000,0x0000000772b00000,0x0000000773580000)
 ParOldGen       total 268800K, used 164502K [0x00000006c0000000, 0x00000006d0680000, 0x000000076ab00000)
  object space 268800K, 61% used [0x00000006c0000000,0x00000006ca0a5930,0x00000006d0680000)
 Metaspace       used 17294K, capacity 18066K, committed 18304K, reserved 1064960K
  class space    used 2444K, capacity 2657K, committed 2688K, reserved 1048576K
GC Heap History (10 events):
Event: 14.863 GC heap before
{Heap before GC invocations=1 (full 0):
 PSYoungGen      total 76288K, used 65536K [0x000000076ab00000, 0x0000000770000000, 0x00000007c0000000)
  eden space 65536K, 100% used [0x000000076ab00000,0x000000076eb00000,0x000000076eb00000)
  from space 10752K, 0% used [0x000000076f580000,0x000000076f580000,0x0000000770000000)
  to   space 10752K, 0% used [0x000000076eb00000,0x000000076eb00000,0x000000076f580000)
 ParOldGen       total 175104K, used 0K [0x00000006c0000000, 0x00000006cab00000, 0x000000076ab00000)
  object space 175104K, 0% used [0x00000006c0000000,0x00000006c0000000,0x00000006cab00000)
 Metaspace       used 17006K, capacity 17776K, committed 18048K, reserved 1064960K
  class space    used 2424K, capacity 2624K, committed 2688K, reserved 1048576K
Event: 14.877 GC heap after
Heap after GC invocations=1 (full 0):
 PSYoungGen      total 76288K, used 10730K [0x000000076ab00000, 0x0000000770000000, 0x00000007c0000000)
  eden space 65536K, 0% used [0x000000076ab00000,0x000000076ab00000,0x000000076eb00000)
  from space 10752K, 99% used [0x000000076eb00000,0x000000076f57aa88,0x000000076f580000)
  to   space 10752K, 0% used [0x000000076f580000,0x000000076f580000,0x0000000770000000)
 ParOldGen       total 175104K, used 10782K [0x00000006c0000000, 0x00000006cab00000, 0x000000076ab00000)
  object space 175104K, 6% used [0x00000006c0000000,0x00000006c0a87850,0x00000006cab00000)
 Metaspace       used 17006K, capacity 17776K, committed 18048K, reserved 1064960K
  class space    used 2424K, capacity 2624K, committed 2688K, reserved 1048576K
}
Event: 15.131 GC heap before
{Heap before GC invocations=2 (full 0):
 PSYoungGen      total 76288K, used 76266K [0x000000076ab00000, 0x0000000770000000, 0x00000007c0000000)
  eden space 65536K, 100% used [0x000000076ab00000,0x000000076eb00000,0x000000076eb00000)
  from space 10752K, 99% used [0x000000076eb00000,0x000000076f57aa88,0x000000076f580000)
  to   space 10752K, 0% used [0x000000076f580000,0x000000076f580000,0x0000000770000000)
 ParOldGen       total 175104K, used 10782K [0x00000006c0000000, 0x00000006cab00000, 0x000000076ab00000)
  object space 175104K, 6% used [0x00000006c0000000,0x00000006c0a87850,0x00000006cab00000)
 Metaspace       used 17121K, capacity 17840K, committed 18048K, reserved 1064960K
  class space    used 2427K, capacity 2624K, committed 2688K, reserved 1048576K
Event: 15.175 GC heap after
Heap after GC invocations=2 (full 0):
 PSYoungGen      total 76288K, used 10720K [0x000000076ab00000, 0x0000000774000000, 0x00000007c0000000)
  eden space 65536K, 0% used [0x000000076ab00000,0x000000076ab00000,0x000000076eb00000)
  from space 10752K, 99% used [0x000000076f580000,0x000000076fff8030,0x0000000770000000)
  to   space 10752K, 0% used [0x000000076eb00000,0x000000076eb00000,0x000000076f580000)
 ParOldGen       total 175104K, used 62026K [0x00000006c0000000, 0x00000006cab00000, 0x000000076ab00000)
  object space 175104K, 35% used [0x00000006c0000000,0x00000006c3c92bc8,0x00000006cab00000)
 Metaspace       used 17121K, capacity 17840K, committed 18048K, reserved 1064960K
  class space    used 2427K, capacity 2624K, committed 2688K, reserved 1048576K
}
Event: 15.382 GC heap before
{Heap before GC invocations=3 (full 0):
 PSYoungGen      total 76288K, used 76256K [0x000000076ab00000, 0x0000000774000000, 0x00000007c0000000)
  eden space 65536K, 100% used [0x000000076ab00000,0x000000076eb00000,0x000000076eb00000)
  from space 10752K, 99% used [0x000000076f580000,0x000000076fff8030,0x0000000770000000)
  to   space 10752K, 0% used [0x000000076eb00000,0x000000076eb00000,0x000000076f580000)
 ParOldGen       total 175104K, used 62026K [0x00000006c0000000, 0x00000006cab00000, 0x000000076ab00000)
  object space 175104K, 35% used [0x00000006c0000000,0x00000006c3c92bc8,0x00000006cab00000)
 Metaspace       used 17121K, capacity 17840K, committed 18048K, reserved 1064960K
  class space    used 2427K, capacity 2624K, committed 2688K, reserved 1048576K
Event: 15.431 GC heap after
Heap after GC invocations=3 (full 0):
 PSYoungGen      total 76288K, used 10720K [0x000000076ab00000, 0x0000000774000000, 0x00000007c0000000)
  eden space 65536K, 0% used [0x000000076ab00000,0x000000076ab00000,0x000000076eb00000)
  from space 10752K, 99% used [0x000000076eb00000,0x000000076f578020,0x000000076f580000)
  to   space 10752K, 0% used [0x0000000773580000,0x0000000773580000,0x0000000774000000)
 ParOldGen       total 175104K, used 114914K [0x00000006c0000000, 0x00000006cab00000, 0x000000076ab00000)
  object space 175104K, 65% used [0x00000006c0000000,0x00000006c7038b80,0x00000006cab00000)
 Metaspace       used 17121K, capacity 17840K, committed 18048K, reserved 1064960K
  class space    used 2427K, capacity 2624K, committed 2688K, reserved 1048576K
}
Event: 15.431 GC heap before
{Heap before GC invocations=4 (full 1):
 PSYoungGen      total 76288K, used 10720K [0x000000076ab00000, 0x0000000774000000, 0x00000007c0000000)
  eden space 65536K, 0% used [0x000000076ab00000,0x000000076ab00000,0x000000076eb00000)
  from space 10752K, 99% used [0x000000076eb00000,0x000000076f578020,0x000000076f580000)
  to   space 10752K, 0% used [0x0000000773580000,0x0000000773580000,0x0000000774000000)
 ParOldGen       total 175104K, used 114914K [0x00000006c0000000, 0x00000006cab00000, 0x000000076ab00000)
  object space 175104K, 65% used [0x00000006c0000000,0x00000006c7038b80,0x00000006cab00000)
 Metaspace       used 17121K, capacity 17840K, committed 18048K, reserved 1064960K
  class space    used 2427K, capacity 2624K, committed 2688K, reserved 1048576K
Event: 15.731 GC heap after
Heap after GC invocations=4 (full 1):
 PSYoungGen      total 76288K, used 0K [0x000000076ab00000, 0x0000000774000000, 0x00000007c0000000)
  eden space 65536K, 0% used [0x000000076ab00000,0x000000076ab00000,0x000000076eb00000)
  from space 10752K, 0% used [0x000000076eb00000,0x000000076eb00000,0x000000076f580000)
  to   space 10752K, 0% used [0x0000000773580000,0x0000000773580000,0x0000000774000000)
 ParOldGen       total 268800K, used 120254K [0x00000006c0000000, 0x00000006d0680000, 0x000000076ab00000)
  object space 268800K, 44% used [0x00000006c0000000,0x00000006c756f930,0x00000006d0680000)
 Metaspace       used 17121K, capacity 17840K, committed 18048K, reserved 1064960K
  class space    used 2427K, capacity 2624K, committed 2688K, reserved 1048576K
}
Event: 15.878 GC heap before
{Heap before GC invocations=5 (full 1):
 PSYoungGen      total 76288K, used 65536K [0x000000076ab00000, 0x0000000774000000, 0x00000007c0000000)
  eden space 65536K, 100% used [0x000000076ab00000,0x000000076eb00000,0x000000076eb00000)
  from space 10752K, 0% used [0x000000076eb00000,0x000000076eb00000,0x000000076f580000)
  to   space 10752K, 0% used [0x0000000773580000,0x0000000773580000,0x0000000774000000)
 ParOldGen       total 268800K, used 120254K [0x00000006c0000000, 0x00000006d0680000, 0x000000076ab00000)
  object space 268800K, 44% used [0x00000006c0000000,0x00000006c756f930,0x00000006d0680000)
 Metaspace       used 17123K, capacity 17840K, committed 18048K, reserved 1064960K
  class space    used 2427K, capacity 2624K, committed 2688K, reserved 1048576K
Event: 15.920 GC heap after
Heap after GC invocations=5 (full 1):
 PSYoungGen      total 132096K, used 10749K [0x000000076ab00000, 0x0000000774000000, 0x00000007c0000000)
  eden space 121344K, 0% used [0x000000076ab00000,0x000000076ab00000,0x0000000772180000)
  from space 10752K, 99% used [0x0000000773580000,0x0000000773fff4f8,0x0000000774000000)
  to   space 10752K, 0% used [0x0000000772b00000,0x0000000772b00000,0x0000000773580000)
 ParOldGen       total 268800K, used 164502K [0x00000006c0000000, 0x00000006d0680000, 0x000000076ab00000)
  object space 268800K, 61% used [0x00000006c0000000,0x00000006ca0a5930,0x00000006d0680000)
 Metaspace       used 17123K, capacity 17840K, committed 18048K, reserved 1064960K
  class space    used 2427K, capacity 2624K, committed 2688K, reserved 1048576K
}

