# JRE version: Java(TM) SE Runtime Environment (8.0_73-b02) (build 1.8.0_73-b02)
# Java VM: Java HotSpot(TM) 64-Bit Server VM (25.73-b02 mixed mode bsd-amd64 compressed oops)
Heap:
 PSYoungGen      total 120832K, used 94222K [0x000000076ab00000, 0x0000000774000000, 0x00000007c0000000)
  eden space 110080K, 75% used [0x000000076ab00000,0x000000076fc87930,0x0000000771680000)
  from space 10752K, 99% used [0x0000000773580000,0x0000000773ffc160,0x0000000774000000)
  to   space 10752K, 0% used [0x0000000772b00000,0x0000000772b00000,0x0000000773580000)
 ParOldGen       total 279552K, used 165031K [0x00000006c0000000, 0x00000006d1100000, 0x000000076ab00000)
  object space 279552K, 59% used [0x00000006c0000000,0x00000006ca129d08,0x00000006d1100000)
 Metaspace       used 15466K, capacity 16090K, committed 16384K, reserved 1062912K
  class space    used 2051K, capacity 2229K, committed 2304K, reserved 1048576K
GC Heap History (10 events):
Event: 5.547 GC heap before
{Heap before GC invocations=1 (full 0):
 PSYoungGen      total 76288K, used 65536K [0x000000076ab00000, 0x0000000770000000, 0x00000007c0000000)
  eden space 65536K, 100% used [0x000000076ab00000,0x000000076eb00000,0x000000076eb00000)
  from space 10752K, 0% used [0x000000076f580000,0x000000076f580000,0x0000000770000000)
  to   space 10752K, 0% used [0x000000076eb00000,0x000000076eb00000,0x000000076f580000)
 ParOldGen       total 175104K, used 0K [0x00000006c0000000, 0x00000006cab00000, 0x000000076ab00000)
  object space 175104K, 0% used [0x00000006c0000000,0x00000006c0000000,0x00000006cab00000)
 Metaspace       used 15170K, capacity 15736K, committed 15872K, reserved 1062912K
  class space    used 2031K, capacity 2196K, committed 2304K, reserved 1048576K
Event: 5.565 GC heap after
Heap after GC invocations=1 (full 0):
 PSYoungGen      total 76288K, used 10720K [0x000000076ab00000, 0x0000000770000000, 0x00000007c0000000)
  eden space 65536K, 0% used [0x000000076ab00000,0x000000076ab00000,0x000000076eb00000)
  from space 10752K, 99% used [0x000000076eb00000,0x000000076f5781a0,0x000000076f580000)
  to   space 10752K, 0% used [0x000000076f580000,0x000000076f580000,0x0000000770000000)
 ParOldGen       total 175104K, used 14802K [0x00000006c0000000, 0x00000006cab00000, 0x000000076ab00000)
  object space 175104K, 8% used [0x00000006c0000000,0x00000006c0e749a8,0x00000006cab00000)
 Metaspace       used 15170K, capacity 15736K, committed 15872K, reserved 1062912K
  class space    used 2031K, capacity 2196K, committed 2304K, reserved 1048576K
}
Event: 5.832 GC heap before
{Heap before GC invocations=2 (full 0):
 PSYoungGen      total 76288K, used 76256K [0x000000076ab00000, 0x0000000770000000, 0x00000007c0000000)
  eden space 65536K, 100% used [0x000000076ab00000,0x000000076eb00000,0x000000076eb00000)
  from space 10752K, 99% used [0x000000076eb00000,0x000000076f5781a0,0x000000076f580000)
  to   space 10752K, 0% used [0x000000076f580000,0x000000076f580000,0x0000000770000000)
 ParOldGen       total 175104K, used 14802K [0x00000006c0000000, 0x00000006cab00000, 0x000000076ab00000)
  object space 175104K, 8% used [0x00000006c0000000,0x00000006c0e749a8,0x00000006cab00000)
 Metaspace       used 15290K, capacity 15896K, committed 16128K, reserved 1062912K
  class space    used 2035K, capacity 2228K, committed 2304K, reserved 1048576K
Event: 5.872 GC heap after
Heap after GC invocations=2 (full 0):
 PSYoungGen      total 76288K, used 10752K [0x000000076ab00000, 0x0000000774000000, 0x00000007c0000000)
  eden space 65536K, 0% used [0x000000076ab00000,0x000000076ab00000,0x000000076eb00000)
  from space 10752K, 100% used [0x000000076f580000,0x0000000770000000,0x0000000770000000)
  to   space 10752K, 0% used [0x000000076eb00000,0x000000076eb00000,0x000000076f580000)
 ParOldGen       total 175104K, used 65647K [0x00000006c0000000, 0x00000006cab00000, 0x000000076ab00000)
  object space 175104K, 37% used [0x00000006c0000000,0x00000006c401bd28,0x00000006cab00000)
 Metaspace       used 15290K, capacity 15896K, committed 16128K, reserved 1062912K
  class space    used 2035K, capacity 2228K, committed 2304K, reserved 1048576K
}
Event: 6.056 GC heap before
{Heap before GC invocations=3 (full 0):
 PSYoungGen      total 76288K, used 76288K [0x000000076ab00000, 0x0000000774000000, 0x00000007c0000000)
  eden space 65536K, 100% used [0x000000076ab00000,0x000000076eb00000,0x000000076eb00000)
  from space 10752K, 100% used [0x000000076f580000,0x0000000770000000,0x0000000770000000)
  to   space 10752K, 0% used [0x000000076eb00000,0x000000076eb00000,0x000000076f580000)
 ParOldGen       total 175104K, used 65647K [0x00000006c0000000, 0x00000006cab00000, 0x000000076ab00000)
  object space 175104K, 37% used [0x00000006c0000000,0x00000006c401bd28,0x00000006cab00000)
 Metaspace       used 15290K, capacity 15896K, committed 16128K, reserved 1062912K
  class space    used 2035K, capacity 2228K, committed 2304K, reserved 1048576K
Event: 6.098 GC heap after
Heap after GC invocations=3 (full 0):
 PSYoungGen      total 76288K, used 10752K [0x000000076ab00000, 0x0000000774000000, 0x00000007c0000000)
  eden space 65536K, 0% used [0x000000076ab00000,0x000000076ab00000,0x000000076eb00000)
  from space 10752K, 100% used [0x000000076eb00000,0x000000076f580000,0x000000076f580000)
  to   space 10752K, 0% used [0x0000000773580000,0x0000000773580000,0x0000000774000000)
 ParOldGen       total 175104K, used 118535K [0x00000006c0000000, 0x00000006cab00000, 0x000000076ab00000)
  object space 175104K, 67% used [0x00000006c0000000,0x00000006c73c1cd0,0x00000006cab00000)
 Metaspace       used 15290K, capacity 15896K, committed 16128K, reserved 1062912K
  class space    used 2035K, capacity 2228K, committed 2304K, reserved 1048576K
}
Event: 6.098 GC heap before
{Heap before GC invocations=4 (full 1):
 PSYoungGen      total 76288K, used 10752K [0x000000076ab00000, 0x0000000774000000, 0x00000007c0000000)
  eden space 65536K, 0% used [0x000000076ab00000,0x000000076ab00000,0x000000076eb00000)
  from space 10752K, 100% used [0x000000076eb00000,0x000000076f580000,0x000000076f580000)
  to   space 10752K, 0% used [0x0000000773580000,0x0000000773580000,0x0000000774000000)
 ParOldGen       total 175104K, used 118535K [0x00000006c0000000, 0x00000006cab00000, 0x000000076ab00000)
  object space 175104K, 67% used [0x00000006c0000000,0x00000006c73c1cd0,0x00000006cab00000)
 Metaspace       used 15290K, capacity 15896K, committed 16128K, reserved 1062912K
  class space    used 2035K, capacity 2228K, committed 2304K, reserved 1048576K
Event: 6.397 GC heap after
Heap after GC invocations=4 (full 1):
 PSYoungGen      total 76288K, used 0K [0x000000076ab00000, 0x0000000774000000, 0x00000007c0000000)
  eden space 65536K, 0% used [0x000000076ab00000,0x000000076ab00000,0x000000076eb00000)
  from space 10752K, 0% used [0x000000076eb00000,0x000000076eb00000,0x000000076f580000)
  to   space 10752K, 0% used [0x0000000773580000,0x0000000773580000,0x0000000774000000)
 ParOldGen       total 279552K, used 122407K [0x00000006c0000000, 0x00000006d1100000, 0x000000076ab00000)
  object space 279552K, 43% used [0x00000006c0000000,0x00000006c7789d08,0x00000006d1100000)
 Metaspace       used 15290K, capacity 15896K, committed 16128K, reserved 1062912K
  class space    used 2035K, capacity 2228K, committed 2304K, reserved 1048576K
}
Event: 6.527 GC heap before
{Heap before GC invocations=5 (full 1):
 PSYoungGen      total 76288K, used 65536K [0x000000076ab00000, 0x0000000774000000, 0x00000007c0000000)
  eden space 65536K, 100% used [0x000000076ab00000,0x000000076eb00000,0x000000076eb00000)
  from space 10752K, 0% used [0x000000076eb00000,0x000000076eb00000,0x000000076f580000)
  to   space 10752K, 0% used [0x0000000773580000,0x0000000773580000,0x0000000774000000)
 ParOldGen       total 279552K, used 122407K [0x00000006c0000000, 0x00000006d1100000, 0x000000076ab00000)
  object space 279552K, 43% used [0x00000006c0000000,0x00000006c7789d08,0x00000006d1100000)
 Metaspace       used 15299K, capacity 15896K, committed 16128K, reserved 1062912K
  class space    used 2035K, capacity 2228K, committed 2304K, reserved 1048576K
Event: 6.562 GC heap after
Heap after GC invocations=5 (full 1):
 PSYoungGen      total 120832K, used 10736K [0x000000076ab00000, 0x0000000774000000, 0x00000007c0000000)
  eden space 110080K, 0% used [0x000000076ab00000,0x000000076ab00000,0x0000000771680000)
  from space 10752K, 99% used [0x0000000773580000,0x0000000773ffc160,0x0000000774000000)
  to   space 10752K, 0% used [0x0000000772b00000,0x0000000772b00000,0x0000000773580000)
 ParOldGen       total 279552K, used 165031K [0x00000006c0000000, 0x00000006d1100000, 0x000000076ab00000)
  object space 279552K, 59% used [0x00000006c0000000,0x00000006ca129d08,0x00000006d1100000)
 Metaspace       used 15299K, capacity 15896K, committed 16128K, reserved 1062912K
  class space    used 2035K, capacity 2228K, committed 2304K, reserved 1048576K
}

